Not Found: /main/img/logo.png
HTTP GET /main/img/logo.png 404 [0.19, 127.0.0.1:59104]
Not Found: /api/v1/goods-set/1/
HTTP GET /api/v1/goods-set/1/?in_stock=1 404 [0.11, 127.0.0.1:59174]
Not Found: /api/v1/goods-set/1/
HTTP GET /api/v1/goods-set/1/ 404 [0.05, 127.0.0.1:59174]
Not Found: /api/v1/goods-set/2/
HTTP GET /api/v1/goods-set/2/ 404 [0.04, 127.0.0.1:59174]
Internal Server Error: /api/v1/goods-set/
Traceback (most recent call last):
  File "D:\marketplace\lanaku16\venv\lib\site-packages\asgiref\sync.py", line 339, in thread_handler
    raise exc_info[1]
  File "D:\marketplace\lanaku16\venv\lib\site-packages\django\core\handlers\exception.py", line 38, in inner
    response = await get_response(request)
  File "D:\marketplace\lanaku16\venv\lib\site-packages\django\core\handlers\base.py", line 233, in _get_response_async
    response = await wrapped_callback(request, *callback_args, **callback_kwargs)
  File "D:\marketplace\lanaku16\venv\lib\site-packages\asgiref\sync.py", line 304, in __call__
    ret = await asyncio.wait_for(future, timeout=None)
  File "C:\Program Files\WindowsApps\PythonSoftwareFoundation.Python.3.9_3.9.1520.0_x64__qbz5n2kfra8p0\lib\asyncio\tasks.py", line 442, in wait_for
    return await fut
  File "C:\Program Files\WindowsApps\PythonSoftwareFoundation.Python.3.9_3.9.1520.0_x64__qbz5n2kfra8p0\lib\concurrent\futures\thread.py", line 52, in run
    result = self.fn(*self.args, **self.kwargs)
  File "D:\marketplace\lanaku16\venv\lib\site-packages\asgiref\sync.py", line 343, in thread_handler
    return func(*args, **kwargs)
  File "D:\marketplace\lanaku16\venv\lib\site-packages\django\views\decorators\csrf.py", line 54, in wrapped_view
    return view_func(*args, **kwargs)
  File "D:\marketplace\lanaku16\venv\lib\site-packages\rest_framework\viewsets.py", line 125, in view
    return self.dispatch(request, *args, **kwargs)
  File "D:\marketplace\lanaku16\venv\lib\site-packages\rest_framework\views.py", line 509, in dispatch
    response = self.handle_exception(exc)
  File "D:\marketplace\lanaku16\venv\lib\site-packages\rest_framework\views.py", line 469, in handle_exception
    self.raise_uncaught_exception(exc)
  File "D:\marketplace\lanaku16\venv\lib\site-packages\rest_framework\views.py", line 480, in raise_uncaught_exception
    raise exc
  File "D:\marketplace\lanaku16\venv\lib\site-packages\rest_framework\views.py", line 506, in dispatch
    response = handler(request, *args, **kwargs)
  File "D:\marketplace\lanaku16\marketplace\api\api.py", line 26, in list
    serializer = GoodListSerializer(self.filter_queryset(self.get_queryset()), many=True)
AttributeError: 'GoodViewSet' object has no attribute 'get_queryset'
HTTP GET /api/v1/goods-set/?is_published=false 500 [0.18, 127.0.0.1:59402]
Bad Request: /api/v1/goods-set/
HTTP GET /api/v1/goods-set/?seller=2 400 [0.15, 127.0.0.1:64421]
Bad Request: /api/v1/goods-set/
HTTP GET /api/v1/goods-set/?seller=3 400 [0.08, 127.0.0.1:64427]
Bad Request: /api/v1/goods-set/
HTTP GET /api/v1/goods-set/?seller=2 400 [0.09, 127.0.0.1:64427]
Not Found: /main/img/logo.png
HTTP GET /main/img/logo.png 404 [0.13, 127.0.0.1:64434]
Not Found: /main/img/logo.png
HTTP GET /main/img/logo.png 404 [0.16, 127.0.0.1:49587]
Not Found: /main/img/logo.png
HTTP GET /main/img/logo.png 404 [0.14, 127.0.0.1:49591]
Not Found: /about/img/logo.png
HTTP GET /about/img/logo.png 404 [0.09, 127.0.0.1:49587]
Not Found: /contacts/img/logo.png
HTTP GET /contacts/img/logo.png 404 [0.08, 127.0.0.1:49587]
Not Found: /delivery/img/logo.png
HTTP GET /delivery/img/logo.png 404 [0.13, 127.0.0.1:49590]
Not Found: /pay/img/logo.png
HTTP GET /pay/img/logo.png 404 [0.14, 127.0.0.1:49587]
Not Found: /main/img/logo.png
HTTP GET /main/img/logo.png 404 [0.12, 127.0.0.1:49587]
Not Found: /main/img/logo.png
HTTP GET /main/img/logo.png 404 [0.08, 127.0.0.1:49587]
Bad Request: /api/v1/goods-set/2
HTTP PUT /api/v1/goods-set/2 400 [0.08, 127.0.0.1:50930]
Bad Request: /api/v1/goods-set/2
HTTP PUT /api/v1/goods-set/2 400 [0.08, 127.0.0.1:50949]
Bad Request: /api/v1/goods-set/2
HTTP PUT /api/v1/goods-set/2 400 [0.07, 127.0.0.1:50950]
Bad Request: /api/v1/goods-set/1
HTTP PUT /api/v1/goods-set/1 400 [0.09, 127.0.0.1:51179]
Not Found: /main/img/logo.png
HTTP GET /main/img/logo.png 404 [3.73, 127.0.0.1:57698]
Internal Server Error: /api/v1/category-modelset/
Traceback (most recent call last):
  File "D:\marketplace\lanaku16\venv\lib\site-packages\asgiref\sync.py", line 339, in thread_handler
    raise exc_info[1]
  File "D:\marketplace\lanaku16\venv\lib\site-packages\django\core\handlers\exception.py", line 38, in inner
    response = await get_response(request)
  File "D:\marketplace\lanaku16\venv\lib\site-packages\django\core\handlers\base.py", line 233, in _get_response_async
    response = await wrapped_callback(request, *callback_args, **callback_kwargs)
  File "D:\marketplace\lanaku16\venv\lib\site-packages\asgiref\sync.py", line 304, in __call__
    ret = await asyncio.wait_for(future, timeout=None)
  File "C:\Program Files\WindowsApps\PythonSoftwareFoundation.Python.3.9_3.9.1520.0_x64__qbz5n2kfra8p0\lib\asyncio\tasks.py", line 442, in wait_for
    return await fut
  File "C:\Program Files\WindowsApps\PythonSoftwareFoundation.Python.3.9_3.9.1520.0_x64__qbz5n2kfra8p0\lib\concurrent\futures\thread.py", line 52, in run
    result = self.fn(*self.args, **self.kwargs)
  File "D:\marketplace\lanaku16\venv\lib\site-packages\asgiref\sync.py", line 343, in thread_handler
    return func(*args, **kwargs)
  File "D:\marketplace\lanaku16\venv\lib\site-packages\django\views\decorators\csrf.py", line 54, in wrapped_view
    return view_func(*args, **kwargs)
  File "D:\marketplace\lanaku16\venv\lib\site-packages\rest_framework\viewsets.py", line 125, in view
    return self.dispatch(request, *args, **kwargs)
  File "D:\marketplace\lanaku16\venv\lib\site-packages\rest_framework\views.py", line 509, in dispatch
    response = self.handle_exception(exc)
  File "D:\marketplace\lanaku16\venv\lib\site-packages\rest_framework\views.py", line 469, in handle_exception
    self.raise_uncaught_exception(exc)
  File "D:\marketplace\lanaku16\venv\lib\site-packages\rest_framework\views.py", line 480, in raise_uncaught_exception
    raise exc
  File "D:\marketplace\lanaku16\venv\lib\site-packages\rest_framework\views.py", line 506, in dispatch
    response = handler(request, *args, **kwargs)
  File "D:\marketplace\lanaku16\venv\lib\site-packages\rest_framework\mixins.py", line 46, in list
    return Response(serializer.data)
  File "D:\marketplace\lanaku16\venv\lib\site-packages\rest_framework\serializers.py", line 745, in data
    ret = super().data
  File "D:\marketplace\lanaku16\venv\lib\site-packages\rest_framework\serializers.py", line 246, in data
    self._data = self.to_representation(self.instance)
  File "D:\marketplace\lanaku16\venv\lib\site-packages\rest_framework\serializers.py", line 663, in to_representation
    return [
  File "D:\marketplace\lanaku16\venv\lib\site-packages\rest_framework\serializers.py", line 664, in <listcomp>
    self.child.to_representation(item) for item in iterable
  File "D:\marketplace\lanaku16\venv\lib\site-packages\rest_framework\serializers.py", line 500, in to_representation
    for field in fields:
  File "D:\marketplace\lanaku16\venv\lib\site-packages\rest_framework\serializers.py", line 361, in _readable_fields
    for field in self.fields.values():
  File "D:\marketplace\lanaku16\venv\lib\site-packages\django\utils\functional.py", line 48, in __get__
    res = instance.__dict__[self.name] = self.func(instance)
  File "D:\marketplace\lanaku16\venv\lib\site-packages\rest_framework\serializers.py", line 349, in fields
    for key, value in self.get_fields().items():
  File "D:\marketplace\lanaku16\venv\lib\site-packages\rest_framework\serializers.py", line 1004, in get_fields
    assert hasattr(self, 'Meta'), (
AssertionError: Class CategotySerializer missing "Meta" attribute
HTTP GET /api/v1/category-modelset/ 500 [0.15, 127.0.0.1:57709]
Not Found: /api/v1/tag-modelset/1/goodscount
HTTP GET /api/v1/tag-modelset/1/goodscount 404 [0.12, 127.0.0.1:58344]
Not Found: /api/v1/tag-modelset/1/tag-goodscount
HTTP GET /api/v1/tag-modelset/1/tag-goodscount 404 [0.05, 127.0.0.1:58353]
Not Found: /api/v1/tag-modelset/1/goodscount
HTTP GET /api/v1/tag-modelset/1/goodscount 404 [0.13, 127.0.0.1:58366]
Not Found: /api/v1/tag-modelset/1/goodscount
HTTP GET /api/v1/tag-modelset/1/goodscount 404 [0.12, 127.0.0.1:58499]
Not Found: /api/v1/tag-modelset/1/goodscount
HTTP GET /api/v1/tag-modelset/1/goodscount 404 [0.16, 127.0.0.1:58524]
Internal Server Error: /api/v1/category-modelset/1/goodscount/
Traceback (most recent call last):
  File "D:\marketplace\lanaku16\venv\lib\site-packages\asgiref\sync.py", line 339, in thread_handler
    raise exc_info[1]
  File "D:\marketplace\lanaku16\venv\lib\site-packages\django\core\handlers\exception.py", line 38, in inner
    response = await get_response(request)
  File "D:\marketplace\lanaku16\venv\lib\site-packages\django\core\handlers\base.py", line 233, in _get_response_async
    response = await wrapped_callback(request, *callback_args, **callback_kwargs)
  File "D:\marketplace\lanaku16\venv\lib\site-packages\asgiref\sync.py", line 304, in __call__
    ret = await asyncio.wait_for(future, timeout=None)
  File "C:\Program Files\WindowsApps\PythonSoftwareFoundation.Python.3.9_3.9.1520.0_x64__qbz5n2kfra8p0\lib\asyncio\tasks.py", line 442, in wait_for
    return await fut
  File "C:\Program Files\WindowsApps\PythonSoftwareFoundation.Python.3.9_3.9.1520.0_x64__qbz5n2kfra8p0\lib\concurrent\futures\thread.py", line 52, in run
    result = self.fn(*self.args, **self.kwargs)
  File "D:\marketplace\lanaku16\venv\lib\site-packages\asgiref\sync.py", line 343, in thread_handler
    return func(*args, **kwargs)
  File "D:\marketplace\lanaku16\venv\lib\site-packages\django\views\decorators\csrf.py", line 54, in wrapped_view
    return view_func(*args, **kwargs)
  File "D:\marketplace\lanaku16\venv\lib\site-packages\rest_framework\viewsets.py", line 125, in view
    return self.dispatch(request, *args, **kwargs)
  File "D:\marketplace\lanaku16\venv\lib\site-packages\rest_framework\views.py", line 509, in dispatch
    response = self.handle_exception(exc)
  File "D:\marketplace\lanaku16\venv\lib\site-packages\rest_framework\views.py", line 469, in handle_exception
    self.raise_uncaught_exception(exc)
  File "D:\marketplace\lanaku16\venv\lib\site-packages\rest_framework\views.py", line 480, in raise_uncaught_exception
    raise exc
  File "D:\marketplace\lanaku16\venv\lib\site-packages\rest_framework\views.py", line 506, in dispatch
    response = handler(request, *args, **kwargs)
TypeError: getcounts() got an unexpected keyword argument 'pk'
HTTP GET /api/v1/category-modelset/1/goodscount/ 500 [0.17, 127.0.0.1:58815]
Internal Server Error: /api/v1/category-modelset/1/goodscount/
Traceback (most recent call last):
  File "D:\marketplace\lanaku16\venv\lib\site-packages\asgiref\sync.py", line 339, in thread_handler
    raise exc_info[1]
  File "D:\marketplace\lanaku16\venv\lib\site-packages\django\core\handlers\exception.py", line 38, in inner
    response = await get_response(request)
  File "D:\marketplace\lanaku16\venv\lib\site-packages\django\core\handlers\base.py", line 233, in _get_response_async
    response = await wrapped_callback(request, *callback_args, **callback_kwargs)
  File "D:\marketplace\lanaku16\venv\lib\site-packages\asgiref\sync.py", line 304, in __call__
    ret = await asyncio.wait_for(future, timeout=None)
  File "C:\Program Files\WindowsApps\PythonSoftwareFoundation.Python.3.9_3.9.1520.0_x64__qbz5n2kfra8p0\lib\asyncio\tasks.py", line 442, in wait_for
    return await fut
  File "C:\Program Files\WindowsApps\PythonSoftwareFoundation.Python.3.9_3.9.1520.0_x64__qbz5n2kfra8p0\lib\concurrent\futures\thread.py", line 52, in run
    result = self.fn(*self.args, **self.kwargs)
  File "D:\marketplace\lanaku16\venv\lib\site-packages\asgiref\sync.py", line 343, in thread_handler
    return func(*args, **kwargs)
  File "D:\marketplace\lanaku16\venv\lib\site-packages\django\views\decorators\csrf.py", line 54, in wrapped_view
    return view_func(*args, **kwargs)
  File "D:\marketplace\lanaku16\venv\lib\site-packages\rest_framework\viewsets.py", line 125, in view
    return self.dispatch(request, *args, **kwargs)
  File "D:\marketplace\lanaku16\venv\lib\site-packages\rest_framework\views.py", line 509, in dispatch
    response = self.handle_exception(exc)
  File "D:\marketplace\lanaku16\venv\lib\site-packages\rest_framework\views.py", line 469, in handle_exception
    self.raise_uncaught_exception(exc)
  File "D:\marketplace\lanaku16\venv\lib\site-packages\rest_framework\views.py", line 480, in raise_uncaught_exception
    raise exc
  File "D:\marketplace\lanaku16\venv\lib\site-packages\rest_framework\views.py", line 506, in dispatch
    response = handler(request, *args, **kwargs)
TypeError: getcounts() got an unexpected keyword argument 'pk'
HTTP GET /api/v1/category-modelset/1/goodscount/ 500 [0.08, 127.0.0.1:58815]
Bad Request: /api/v1/category-modelset/1/goodscount/
HTTP GET /api/v1/category-modelset/1/goodscount/ 400 [0.17, 127.0.0.1:58838]
Internal Server Error: /api/v1/category-modelset/1/goodscount/
Traceback (most recent call last):
  File "D:\marketplace\lanaku16\venv\lib\site-packages\asgiref\sync.py", line 339, in thread_handler
    raise exc_info[1]
  File "D:\marketplace\lanaku16\venv\lib\site-packages\django\core\handlers\exception.py", line 38, in inner
    response = await get_response(request)
  File "D:\marketplace\lanaku16\venv\lib\site-packages\django\core\handlers\base.py", line 233, in _get_response_async
    response = await wrapped_callback(request, *callback_args, **callback_kwargs)
  File "D:\marketplace\lanaku16\venv\lib\site-packages\asgiref\sync.py", line 304, in __call__
    ret = await asyncio.wait_for(future, timeout=None)
  File "C:\Program Files\WindowsApps\PythonSoftwareFoundation.Python.3.9_3.9.1520.0_x64__qbz5n2kfra8p0\lib\asyncio\tasks.py", line 442, in wait_for
    return await fut
  File "C:\Program Files\WindowsApps\PythonSoftwareFoundation.Python.3.9_3.9.1520.0_x64__qbz5n2kfra8p0\lib\concurrent\futures\thread.py", line 52, in run
    result = self.fn(*self.args, **self.kwargs)
  File "D:\marketplace\lanaku16\venv\lib\site-packages\asgiref\sync.py", line 343, in thread_handler
    return func(*args, **kwargs)
  File "D:\marketplace\lanaku16\venv\lib\site-packages\django\views\decorators\csrf.py", line 54, in wrapped_view
    return view_func(*args, **kwargs)
  File "D:\marketplace\lanaku16\venv\lib\site-packages\rest_framework\viewsets.py", line 125, in view
    return self.dispatch(request, *args, **kwargs)
  File "D:\marketplace\lanaku16\venv\lib\site-packages\rest_framework\views.py", line 509, in dispatch
    response = self.handle_exception(exc)
  File "D:\marketplace\lanaku16\venv\lib\site-packages\rest_framework\views.py", line 469, in handle_exception
    self.raise_uncaught_exception(exc)
  File "D:\marketplace\lanaku16\venv\lib\site-packages\rest_framework\views.py", line 480, in raise_uncaught_exception
    raise exc
  File "D:\marketplace\lanaku16\venv\lib\site-packages\rest_framework\views.py", line 506, in dispatch
    response = handler(request, *args, **kwargs)
  File "D:\marketplace\lanaku16\marketplace\api\api.py", line 44, in getcounts
    print(request, *args, **kwargs)
TypeError: 'pk' is an invalid keyword argument for print()
HTTP GET /api/v1/category-modelset/1/goodscount/ 500 [0.17, 127.0.0.1:58886]
Internal Server Error: /api/v1/category-modelset/1/goodscount/
Traceback (most recent call last):
  File "D:\marketplace\lanaku16\venv\lib\site-packages\asgiref\sync.py", line 339, in thread_handler
    raise exc_info[1]
  File "D:\marketplace\lanaku16\venv\lib\site-packages\django\core\handlers\exception.py", line 38, in inner
    response = await get_response(request)
  File "D:\marketplace\lanaku16\venv\lib\site-packages\django\core\handlers\base.py", line 233, in _get_response_async
    response = await wrapped_callback(request, *callback_args, **callback_kwargs)
  File "D:\marketplace\lanaku16\venv\lib\site-packages\asgiref\sync.py", line 304, in __call__
    ret = await asyncio.wait_for(future, timeout=None)
  File "C:\Program Files\WindowsApps\PythonSoftwareFoundation.Python.3.9_3.9.1520.0_x64__qbz5n2kfra8p0\lib\asyncio\tasks.py", line 442, in wait_for
    return await fut
  File "C:\Program Files\WindowsApps\PythonSoftwareFoundation.Python.3.9_3.9.1520.0_x64__qbz5n2kfra8p0\lib\concurrent\futures\thread.py", line 52, in run
    result = self.fn(*self.args, **self.kwargs)
  File "D:\marketplace\lanaku16\venv\lib\site-packages\asgiref\sync.py", line 343, in thread_handler
    return func(*args, **kwargs)
  File "D:\marketplace\lanaku16\venv\lib\site-packages\django\views\decorators\csrf.py", line 54, in wrapped_view
    return view_func(*args, **kwargs)
  File "D:\marketplace\lanaku16\venv\lib\site-packages\rest_framework\viewsets.py", line 125, in view
    return self.dispatch(request, *args, **kwargs)
  File "D:\marketplace\lanaku16\venv\lib\site-packages\rest_framework\views.py", line 509, in dispatch
    response = self.handle_exception(exc)
  File "D:\marketplace\lanaku16\venv\lib\site-packages\rest_framework\views.py", line 469, in handle_exception
    self.raise_uncaught_exception(exc)
  File "D:\marketplace\lanaku16\venv\lib\site-packages\rest_framework\views.py", line 480, in raise_uncaught_exception
    raise exc
  File "D:\marketplace\lanaku16\venv\lib\site-packages\rest_framework\views.py", line 506, in dispatch
    response = handler(request, *args, **kwargs)
  File "D:\marketplace\lanaku16\marketplace\api\api.py", line 46, in getcounts
    'category': request.pk,
NameError: name 'pk' is not defined
HTTP GET /api/v1/category-modelset/1/goodscount/ 500 [0.15, 127.0.0.1:58903]
Internal Server Error: /api/v1/category-modelset/1/goodscount/
Traceback (most recent call last):
  File "D:\marketplace\lanaku16\venv\lib\site-packages\rest_framework\request.py", line 416, in __getattr__
    return getattr(self._request, attr)
AttributeError: 'ASGIRequest' object has no attribute 'pk'

During handling of the above exception, another exception occurred:

Traceback (most recent call last):
  File "D:\marketplace\lanaku16\venv\lib\site-packages\asgiref\sync.py", line 339, in thread_handler
    raise exc_info[1]
  File "D:\marketplace\lanaku16\venv\lib\site-packages\django\core\handlers\exception.py", line 38, in inner
    response = await get_response(request)
  File "D:\marketplace\lanaku16\venv\lib\site-packages\django\core\handlers\base.py", line 233, in _get_response_async
    response = await wrapped_callback(request, *callback_args, **callback_kwargs)
  File "D:\marketplace\lanaku16\venv\lib\site-packages\asgiref\sync.py", line 304, in __call__
    ret = await asyncio.wait_for(future, timeout=None)
  File "C:\Program Files\WindowsApps\PythonSoftwareFoundation.Python.3.9_3.9.1520.0_x64__qbz5n2kfra8p0\lib\asyncio\tasks.py", line 442, in wait_for
    return await fut
  File "C:\Program Files\WindowsApps\PythonSoftwareFoundation.Python.3.9_3.9.1520.0_x64__qbz5n2kfra8p0\lib\concurrent\futures\thread.py", line 52, in run
    result = self.fn(*self.args, **self.kwargs)
  File "D:\marketplace\lanaku16\venv\lib\site-packages\asgiref\sync.py", line 343, in thread_handler
    return func(*args, **kwargs)
  File "D:\marketplace\lanaku16\venv\lib\site-packages\django\views\decorators\csrf.py", line 54, in wrapped_view
    return view_func(*args, **kwargs)
  File "D:\marketplace\lanaku16\venv\lib\site-packages\rest_framework\viewsets.py", line 125, in view
    return self.dispatch(request, *args, **kwargs)
  File "D:\marketplace\lanaku16\venv\lib\site-packages\rest_framework\views.py", line 509, in dispatch
    response = self.handle_exception(exc)
  File "D:\marketplace\lanaku16\venv\lib\site-packages\rest_framework\views.py", line 469, in handle_exception
    self.raise_uncaught_exception(exc)
  File "D:\marketplace\lanaku16\venv\lib\site-packages\rest_framework\views.py", line 480, in raise_uncaught_exception
    raise exc
  File "D:\marketplace\lanaku16\venv\lib\site-packages\rest_framework\views.py", line 506, in dispatch
    response = handler(request, *args, **kwargs)
  File "D:\marketplace\lanaku16\marketplace\api\api.py", line 46, in getcounts
    'category': request.pk,
  File "D:\marketplace\lanaku16\venv\lib\site-packages\rest_framework\request.py", line 418, in __getattr__
    return self.__getattribute__(attr)
AttributeError: 'Request' object has no attribute 'pk'
HTTP GET /api/v1/category-modelset/1/goodscount/ 500 [0.16, 127.0.0.1:58911]
Forbidden: /api/v1/category-modelset/1/goodscount/
HTTP GET /api/v1/category-modelset/1/goodscount/ 403 [0.14, 127.0.0.1:58993]
Bad Request: /api/v1/goods-set/
HTTP POST /api/v1/goods-set/ 400 [0.09, 127.0.0.1:59325]
Internal Server Error: /api/v1/goods-set/1
Traceback (most recent call last):
  File "D:\marketplace\lanaku16\venv\lib\site-packages\asgiref\sync.py", line 339, in thread_handler
    raise exc_info[1]
  File "D:\marketplace\lanaku16\venv\lib\site-packages\django\core\handlers\exception.py", line 38, in inner
    response = await get_response(request)
  File "D:\marketplace\lanaku16\venv\lib\site-packages\django\core\handlers\base.py", line 233, in _get_response_async
    response = await wrapped_callback(request, *callback_args, **callback_kwargs)
  File "D:\marketplace\lanaku16\venv\lib\site-packages\asgiref\sync.py", line 304, in __call__
    ret = await asyncio.wait_for(future, timeout=None)
  File "C:\Program Files\WindowsApps\PythonSoftwareFoundation.Python.3.9_3.9.1520.0_x64__qbz5n2kfra8p0\lib\asyncio\tasks.py", line 442, in wait_for
    return await fut
  File "C:\Program Files\WindowsApps\PythonSoftwareFoundation.Python.3.9_3.9.1520.0_x64__qbz5n2kfra8p0\lib\concurrent\futures\thread.py", line 52, in run
    result = self.fn(*self.args, **self.kwargs)
  File "D:\marketplace\lanaku16\venv\lib\site-packages\asgiref\sync.py", line 343, in thread_handler
    return func(*args, **kwargs)
  File "D:\marketplace\lanaku16\venv\lib\site-packages\django\views\decorators\csrf.py", line 54, in wrapped_view
    return view_func(*args, **kwargs)
  File "D:\marketplace\lanaku16\venv\lib\site-packages\rest_framework\viewsets.py", line 125, in view
    return self.dispatch(request, *args, **kwargs)
  File "D:\marketplace\lanaku16\venv\lib\site-packages\rest_framework\views.py", line 509, in dispatch
    response = self.handle_exception(exc)
  File "D:\marketplace\lanaku16\venv\lib\site-packages\rest_framework\views.py", line 469, in handle_exception
    self.raise_uncaught_exception(exc)
  File "D:\marketplace\lanaku16\venv\lib\site-packages\rest_framework\views.py", line 480, in raise_uncaught_exception
    raise exc
  File "D:\marketplace\lanaku16\venv\lib\site-packages\rest_framework\views.py", line 506, in dispatch
    response = handler(request, *args, **kwargs)
  File "D:\marketplace\lanaku16\marketplace\api\api.py", line 97, in retrive
    good = get_object_or_404(query_set, pk=pk)
  File "D:\marketplace\lanaku16\venv\lib\site-packages\django\shortcuts.py", line 71, in get_object_or_404
    raise ValueError(
ValueError: First argument to get_object_or_404() must be a Model, Manager, or QuerySet, not 'function'.
HTTP GET /api/v1/goods-set/1 500 [0.11, 127.0.0.1:59325]
Internal Server Error: /api/v1/goods-set/2
Traceback (most recent call last):
  File "D:\marketplace\lanaku16\venv\lib\site-packages\asgiref\sync.py", line 339, in thread_handler
    raise exc_info[1]
  File "D:\marketplace\lanaku16\venv\lib\site-packages\django\core\handlers\exception.py", line 38, in inner
    response = await get_response(request)
  File "D:\marketplace\lanaku16\venv\lib\site-packages\django\core\handlers\base.py", line 233, in _get_response_async
    response = await wrapped_callback(request, *callback_args, **callback_kwargs)
  File "D:\marketplace\lanaku16\venv\lib\site-packages\asgiref\sync.py", line 304, in __call__
    ret = await asyncio.wait_for(future, timeout=None)
  File "C:\Program Files\WindowsApps\PythonSoftwareFoundation.Python.3.9_3.9.1520.0_x64__qbz5n2kfra8p0\lib\asyncio\tasks.py", line 442, in wait_for
    return await fut
  File "C:\Program Files\WindowsApps\PythonSoftwareFoundation.Python.3.9_3.9.1520.0_x64__qbz5n2kfra8p0\lib\concurrent\futures\thread.py", line 52, in run
    result = self.fn(*self.args, **self.kwargs)
  File "D:\marketplace\lanaku16\venv\lib\site-packages\asgiref\sync.py", line 343, in thread_handler
    return func(*args, **kwargs)
  File "D:\marketplace\lanaku16\venv\lib\site-packages\django\views\decorators\csrf.py", line 54, in wrapped_view
    return view_func(*args, **kwargs)
  File "D:\marketplace\lanaku16\venv\lib\site-packages\rest_framework\viewsets.py", line 125, in view
    return self.dispatch(request, *args, **kwargs)
  File "D:\marketplace\lanaku16\venv\lib\site-packages\rest_framework\views.py", line 509, in dispatch
    response = self.handle_exception(exc)
  File "D:\marketplace\lanaku16\venv\lib\site-packages\rest_framework\views.py", line 469, in handle_exception
    self.raise_uncaught_exception(exc)
  File "D:\marketplace\lanaku16\venv\lib\site-packages\rest_framework\views.py", line 480, in raise_uncaught_exception
    raise exc
  File "D:\marketplace\lanaku16\venv\lib\site-packages\rest_framework\views.py", line 506, in dispatch
    response = handler(request, *args, **kwargs)
  File "D:\marketplace\lanaku16\marketplace\api\api.py", line 97, in retrive
    good = get_object_or_404(query_set, pk=pk)
  File "D:\marketplace\lanaku16\venv\lib\site-packages\django\shortcuts.py", line 71, in get_object_or_404
    raise ValueError(
ValueError: First argument to get_object_or_404() must be a Model, Manager, or QuerySet, not 'function'.
HTTP GET /api/v1/goods-set/2 500 [0.10, 127.0.0.1:59325]
Internal Server Error: /api/v1/goods-set/1
Traceback (most recent call last):
  File "D:\marketplace\lanaku16\venv\lib\site-packages\asgiref\sync.py", line 339, in thread_handler
    raise exc_info[1]
  File "D:\marketplace\lanaku16\venv\lib\site-packages\django\core\handlers\exception.py", line 38, in inner
    response = await get_response(request)
  File "D:\marketplace\lanaku16\venv\lib\site-packages\django\core\handlers\base.py", line 233, in _get_response_async
    response = await wrapped_callback(request, *callback_args, **callback_kwargs)
  File "D:\marketplace\lanaku16\venv\lib\site-packages\asgiref\sync.py", line 304, in __call__
    ret = await asyncio.wait_for(future, timeout=None)
  File "C:\Program Files\WindowsApps\PythonSoftwareFoundation.Python.3.9_3.9.1520.0_x64__qbz5n2kfra8p0\lib\asyncio\tasks.py", line 442, in wait_for
    return await fut
  File "C:\Program Files\WindowsApps\PythonSoftwareFoundation.Python.3.9_3.9.1520.0_x64__qbz5n2kfra8p0\lib\concurrent\futures\thread.py", line 52, in run
    result = self.fn(*self.args, **self.kwargs)
  File "D:\marketplace\lanaku16\venv\lib\site-packages\asgiref\sync.py", line 343, in thread_handler
    return func(*args, **kwargs)
  File "D:\marketplace\lanaku16\venv\lib\site-packages\django\views\decorators\csrf.py", line 54, in wrapped_view
    return view_func(*args, **kwargs)
  File "D:\marketplace\lanaku16\venv\lib\site-packages\rest_framework\viewsets.py", line 125, in view
    return self.dispatch(request, *args, **kwargs)
  File "D:\marketplace\lanaku16\venv\lib\site-packages\rest_framework\views.py", line 509, in dispatch
    response = self.handle_exception(exc)
  File "D:\marketplace\lanaku16\venv\lib\site-packages\rest_framework\views.py", line 469, in handle_exception
    self.raise_uncaught_exception(exc)
  File "D:\marketplace\lanaku16\venv\lib\site-packages\rest_framework\views.py", line 480, in raise_uncaught_exception
    raise exc
  File "D:\marketplace\lanaku16\venv\lib\site-packages\rest_framework\views.py", line 506, in dispatch
    response = handler(request, *args, **kwargs)
  File "D:\marketplace\lanaku16\marketplace\api\api.py", line 97, in retrive
    good = get_object_or_404(query_set, pk=pk)
  File "D:\marketplace\lanaku16\venv\lib\site-packages\django\shortcuts.py", line 71, in get_object_or_404
    raise ValueError(
ValueError: First argument to get_object_or_404() must be a Model, Manager, or QuerySet, not 'function'.
HTTP GET /api/v1/goods-set/1 500 [0.09, 127.0.0.1:59325]
Internal Server Error: /api/v1/goods-set/1
Traceback (most recent call last):
  File "D:\marketplace\lanaku16\venv\lib\site-packages\asgiref\sync.py", line 339, in thread_handler
    raise exc_info[1]
  File "D:\marketplace\lanaku16\venv\lib\site-packages\django\core\handlers\exception.py", line 38, in inner
    response = await get_response(request)
  File "D:\marketplace\lanaku16\venv\lib\site-packages\django\core\handlers\base.py", line 233, in _get_response_async
    response = await wrapped_callback(request, *callback_args, **callback_kwargs)
  File "D:\marketplace\lanaku16\venv\lib\site-packages\asgiref\sync.py", line 304, in __call__
    ret = await asyncio.wait_for(future, timeout=None)
  File "C:\Program Files\WindowsApps\PythonSoftwareFoundation.Python.3.9_3.9.1520.0_x64__qbz5n2kfra8p0\lib\asyncio\tasks.py", line 442, in wait_for
    return await fut
  File "C:\Program Files\WindowsApps\PythonSoftwareFoundation.Python.3.9_3.9.1520.0_x64__qbz5n2kfra8p0\lib\concurrent\futures\thread.py", line 52, in run
    result = self.fn(*self.args, **self.kwargs)
  File "D:\marketplace\lanaku16\venv\lib\site-packages\asgiref\sync.py", line 343, in thread_handler
    return func(*args, **kwargs)
  File "D:\marketplace\lanaku16\venv\lib\site-packages\django\views\decorators\csrf.py", line 54, in wrapped_view
    return view_func(*args, **kwargs)
  File "D:\marketplace\lanaku16\venv\lib\site-packages\rest_framework\viewsets.py", line 125, in view
    return self.dispatch(request, *args, **kwargs)
  File "D:\marketplace\lanaku16\venv\lib\site-packages\rest_framework\views.py", line 509, in dispatch
    response = self.handle_exception(exc)
  File "D:\marketplace\lanaku16\venv\lib\site-packages\rest_framework\views.py", line 469, in handle_exception
    self.raise_uncaught_exception(exc)
  File "D:\marketplace\lanaku16\venv\lib\site-packages\rest_framework\views.py", line 480, in raise_uncaught_exception
    raise exc
  File "D:\marketplace\lanaku16\venv\lib\site-packages\rest_framework\views.py", line 506, in dispatch
    response = handler(request, *args, **kwargs)
  File "D:\marketplace\lanaku16\marketplace\api\api.py", line 97, in retrive
    good = get_object_or_404(query_set, pk=pk)
  File "D:\marketplace\lanaku16\venv\lib\site-packages\django\shortcuts.py", line 71, in get_object_or_404
    raise ValueError(
ValueError: First argument to get_object_or_404() must be a Model, Manager, or QuerySet, not 'function'.
HTTP GET /api/v1/goods-set/1 500 [0.11, 127.0.0.1:59325]
Internal Server Error: /api/v1/goods-set/1
Traceback (most recent call last):
  File "D:\marketplace\lanaku16\venv\lib\site-packages\asgiref\sync.py", line 339, in thread_handler
    raise exc_info[1]
  File "D:\marketplace\lanaku16\venv\lib\site-packages\django\core\handlers\exception.py", line 38, in inner
    response = await get_response(request)
  File "D:\marketplace\lanaku16\venv\lib\site-packages\django\core\handlers\base.py", line 263, in _get_response_async
    response = await sync_to_async(response.render, thread_sensitive=True)()
  File "D:\marketplace\lanaku16\venv\lib\site-packages\asgiref\sync.py", line 304, in __call__
    ret = await asyncio.wait_for(future, timeout=None)
  File "C:\Program Files\WindowsApps\PythonSoftwareFoundation.Python.3.9_3.9.1520.0_x64__qbz5n2kfra8p0\lib\asyncio\tasks.py", line 442, in wait_for
    return await fut
  File "C:\Program Files\WindowsApps\PythonSoftwareFoundation.Python.3.9_3.9.1520.0_x64__qbz5n2kfra8p0\lib\concurrent\futures\thread.py", line 52, in run
    result = self.fn(*self.args, **self.kwargs)
  File "D:\marketplace\lanaku16\venv\lib\site-packages\asgiref\sync.py", line 343, in thread_handler
    return func(*args, **kwargs)
  File "D:\marketplace\lanaku16\venv\lib\site-packages\django\template\response.py", line 105, in render
    self.content = self.rendered_content
  File "D:\marketplace\lanaku16\venv\lib\site-packages\rest_framework\response.py", line 70, in rendered_content
    ret = renderer.render(self.data, accepted_media_type, context)
  File "D:\marketplace\lanaku16\venv\lib\site-packages\rest_framework\renderers.py", line 724, in render
    context = self.get_context(data, accepted_media_type, renderer_context)
  File "D:\marketplace\lanaku16\venv\lib\site-packages\rest_framework\renderers.py", line 656, in get_context
    raw_data_put_form = self.get_raw_data_form(data, view, 'PUT', request)
  File "D:\marketplace\lanaku16\venv\lib\site-packages\rest_framework\renderers.py", line 541, in get_raw_data_form
    if not self.show_form_for_method(view, method, request, instance):
  File "D:\marketplace\lanaku16\venv\lib\site-packages\rest_framework\renderers.py", line 433, in show_form_for_method
    view.check_object_permissions(request, obj)
  File "D:\marketplace\lanaku16\venv\lib\site-packages\rest_framework\views.py", line 345, in check_object_permissions
    if not permission.has_object_permission(request, self, obj):
  File "D:\marketplace\lanaku16\marketplace\api\permissions.py", line 8, in has_object_permission
    return obj.owner == request.user
AttributeError: 'Good' object has no attribute 'owner'
HTTP GET /api/v1/goods-set/1 500 [0.36, 127.0.0.1:59347]
